        -:    0:Source:test/test_all.cpp
        -:    0:Graph:.pio/build/test/test/test_all.gcno
        -:    0:Data:.pio/build/test/test/test_all.gcda
        -:    0:Runs:1
        -:    1:#include <unity.h>
        -:    2:#include <cmath>
        -:    3:#include <cstring>
        -:    4:#include <vector>
        -:    5:#include <string>
        -:    6:
        -:    7:// ── computeRMS ─────────────────────────────────────────────────────
        -:    8:
        3:    9:float computeRMS(int16_t* samples, int count) {
        3:   10:    float sum = 0;
       27:   11:    for (int i = 0; i < count; i++) {
       24:   12:        sum += (float)samples[i] * (float)samples[i];
        -:   13:    }
        3:   14:    return sqrtf(sum / count);
        -:   15:}
        -:   16:
        -:   17:// ── highPassFilter ─────────────────────────────────────────────────
        -:   18:
        -:   19:static float hpPrevX = 0;
        -:   20:static float hpPrevY = 0;
        -:   21:#define HP_ALPHA 0.924
        -:   22:
        2:   23:void highPassFilter(int16_t* buffer, int count) {
       62:   24:    for (int i = 0; i < count; i++) {
       60:   25:        float x = (float)buffer[i];
       60:   26:        float y = HP_ALPHA * (hpPrevY + x - hpPrevX);
       60:   27:        hpPrevX = x;
       60:   28:        hpPrevY = y;
       60:   29:        buffer[i] = (int16_t)y;
        -:   30:    }
        2:   31:}
        -:   32:
        -:   33:// ── RMS Tests ──────────────────────────────────────────────────────
        -:   34:
        1:   35:void test_rms_silence() {
        1:   36:    int16_t samples[10] = {0};
        1:   37:    TEST_ASSERT_FLOAT_WITHIN(0.01f, 0.0f, computeRMS(samples, 10));
        1:   38:}
        -:   39:
        1:   40:void test_rms_constant() {
        1:   41:    int16_t samples[10] = {1000, 1000, 1000, 1000, 1000, 1000, 1000, 1000, 1000, 1000};
        1:   42:    TEST_ASSERT_FLOAT_WITHIN(0.01f, 1000.0f, computeRMS(samples, 10));
        1:   43:}
        -:   44:
        1:   45:void test_rms_varied() {
        1:   46:    int16_t samples[4] = {100, -100, 200, -200};
        1:   47:    TEST_ASSERT_FLOAT_WITHIN(1.0f, 158.11f, computeRMS(samples, 4));
        1:   48:}
        -:   49:
        -:   50:// ── High-Pass Filter Tests ─────────────────────────────────────────
        -:   51:
        1:   52:void test_hpf_passes_high_freq() {
        1:   53:    int16_t samples[10] = {1000, -1000, 1000, -1000, 1000, -1000, 1000, -1000, 1000, -1000};
        1:   54:    hpPrevX = 0; hpPrevY = 0;
        1:   55:    highPassFilter(samples, 10);
       1*:   56:    TEST_ASSERT_TRUE(abs(samples[5]) > 500);
        1:   57:}
        -:   58:
        1:   59:void test_hpf_blocks_dc() {
        -:   60:    // DC offset should be attenuated over time
        -:   61:    int16_t samples[50];
       51:   62:    for (int i = 0; i < 50; i++) samples[i] = 1000;
        1:   63:    hpPrevX = 0; hpPrevY = 0;
        1:   64:    highPassFilter(samples, 50);
        -:   65:    // After 50 samples, DC should be significantly attenuated
       1*:   66:    TEST_ASSERT_TRUE(abs(samples[49]) < 200);
        1:   67:}
        -:   68:
        -:   69:// ── VAD Threshold Tests ────────────────────────────────────────────
        -:   70:
        1:   71:void test_vad_threshold() {
        1:   72:    float bgNoise = 100;
        1:   73:    float threshold = fmax(bgNoise * 1.5, 20.0);
        1:   74:    TEST_ASSERT_FLOAT_WITHIN(0.1f, 150.0f, threshold);
        1:   75:}
        -:   76:
        1:   77:void test_vad_threshold_minimum() {
        1:   78:    float bgNoise = 5;
        1:   79:    float threshold = fmax(bgNoise * 1.5, 20.0);
        1:   80:    TEST_ASSERT_FLOAT_WITHIN(0.1f, 20.0f, threshold);
        1:   81:}
        -:   82:
        1:   83:void test_vad_voice_detection() {
        -:   84:    TEST_ASSERT_TRUE(200 > 150);
        1:   85:}
        -:   86:
        1:   87:void test_vad_silence_detection() {
        -:   88:    TEST_ASSERT_FALSE(100 > 150);
        1:   89:}
        -:   90:
        -:   91:// ── File Operation Tests ───────────────────────────────────────────
        -:   92:
        -:   93:struct MockFile {
        -:   94:    std::string filename;
        -:   95:    std::vector<uint8_t> data;
        -:   96:};
        -:   97:
        -:   98:static std::vector<MockFile> mockFiles;
        -:   99:static std::vector<std::string> uploadedFiles;
        -:  100:
        3:  101:void resetMocks() {
        3:  102:    mockFiles.clear();
        3:  103:    uploadedFiles.clear();
        3:  104:}
        -:  105:
        1:  106:void test_file_open_close() {
        1:  107:    resetMocks();
        1:  108:    MockFile f;
        1:  109:    f.filename = "/lifelog/rec_00001.opus";
        1:  110:    mockFiles.push_back(f);
        1:  111:    TEST_ASSERT_EQUAL_INT(1, mockFiles.size());
        1:  112:}
        -:  113:
        1:  114:void test_upload_tracking() {
        1:  115:    resetMocks();
        1:  116:    uploadedFiles.push_back("/lifelog/rec_00001.opus");
        1:  117:    TEST_ASSERT_EQUAL_INT(1, uploadedFiles.size());
        1:  118:    TEST_ASSERT_EQUAL_STRING("/lifelog/rec_00001.opus", uploadedFiles[0].c_str());
        1:  119:}
        -:  120:
        1:  121:void test_multiple_files() {
        1:  122:    resetMocks();
        6:  123:    for (int i = 0; i < 5; i++) {
        -:  124:        char filename[64];
        5:  125:        snprintf(filename, sizeof(filename), "/lifelog/rec_%05d.opus", i);
        5:  126:        MockFile f;
        5:  127:        f.filename = filename;
        5:  128:        mockFiles.push_back(f);
        5:  129:    }
        1:  130:    TEST_ASSERT_EQUAL_INT(5, mockFiles.size());
        1:  131:}
        -:  132:
        -:  133:// ── Ogg Header Tests ───────────────────────────────────────────────
        -:  134:
        1:  135:void test_opus_head_magic() {
        1:  136:    uint8_t opusHead[19] = {0};
        1:  137:    memcpy(opusHead, "OpusHead", 8);
        1:  138:    TEST_ASSERT_EQUAL_STRING("OpusHead", (char*)opusHead);
        1:  139:}
        -:  140:
        1:  141:void test_opus_head_preskip() {
        1:  142:    uint8_t opusHead[19] = {0};
        1:  143:    opusHead[10] = 0;
        1:  144:    opusHead[11] = 15;
        1:  145:    uint16_t preskip = opusHead[10] | (opusHead[11] << 8);
        1:  146:    TEST_ASSERT_EQUAL_INT(3840, preskip);
        1:  147:}
        -:  148:
        1:  149:void test_opus_tags_magic() {
        1:  150:    uint8_t opusTags[23] = {0};
        1:  151:    memcpy(opusTags, "OpusTags", 8);
        1:  152:    TEST_ASSERT_EQUAL_STRING("OpusTags", (char*)opusTags);
        1:  153:}
        -:  154:
        -:  155:// ── Chunk Message Tests ────────────────────────────────────────────
        -:  156:
        1:  157:void test_chunk_message_format() {
        1:  158:    int16_t* data = (int16_t*)malloc(100);
       1*:  159:    TEST_ASSERT_NOT_NULL(data);
        1:  160:    free(data);
        1:  161:}
        -:  162:
        1:  163:void test_end_of_utterance() {
        1:  164:    bool isEnd = true;
        1:  165:    uint32_t samples = 0;
       1*:  166:    TEST_ASSERT_TRUE(isEnd);
        1:  167:    TEST_ASSERT_EQUAL_INT(0, samples);
        1:  168:}
        -:  169:
        -:  170:// ── Run All Tests ──────────────────────────────────────────────────
        -:  171:
       17:  172:void setUp() {}
       17:  173:void tearDown() {}
        -:  174:
        1:  175:int main() {
        1:  176:    UNITY_BEGIN();
        -:  177:
        -:  178:    // RMS tests
        1:  179:    RUN_TEST(test_rms_silence);
        1:  180:    RUN_TEST(test_rms_constant);
        1:  181:    RUN_TEST(test_rms_varied);
        -:  182:
        -:  183:    // High-pass filter tests
        1:  184:    RUN_TEST(test_hpf_passes_high_freq);
        1:  185:    RUN_TEST(test_hpf_blocks_dc);
        -:  186:
        -:  187:    // VAD tests
        1:  188:    RUN_TEST(test_vad_threshold);
        1:  189:    RUN_TEST(test_vad_threshold_minimum);
        1:  190:    RUN_TEST(test_vad_voice_detection);
        1:  191:    RUN_TEST(test_vad_silence_detection);
        -:  192:
        -:  193:    // File operation tests
        1:  194:    RUN_TEST(test_file_open_close);
        1:  195:    RUN_TEST(test_upload_tracking);
        1:  196:    RUN_TEST(test_multiple_files);
        -:  197:
        -:  198:    // Ogg header tests
        1:  199:    RUN_TEST(test_opus_head_magic);
        1:  200:    RUN_TEST(test_opus_head_preskip);
        1:  201:    RUN_TEST(test_opus_tags_magic);
        -:  202:
        -:  203:    // Chunk message tests
        1:  204:    RUN_TEST(test_chunk_message_format);
        1:  205:    RUN_TEST(test_end_of_utterance);
        -:  206:
        1:  207:    return UNITY_END();
        -:  208:}
